<?xml version="1.0" encoding="UTF-8"?>
<!-- Generated by org.testng.reporters.JUnitReportReporter -->
<testsuite hostname="mohanethras-MacBook-Pro.local" failures="0" tests="3" name="pageobjects.NewTest" time="66.047" errors="0" timestamp="16 Apr 2025 05:52:34 GMT" skipped="0">
  <testcase classname="pageobjects.NewTest" name="clockin" time="48.665"/>
  <testcase classname="pageobjects.NewTest" name="correctLogin" time="8.770"/>
  <testcase classname="pageobjects.NewTest" name="wronglogin" time="8.612"/>
</testsuite> <!-- pageobjects.NewTest -->
