<?xml version="1.0" encoding="UTF-8"?>
<!-- Generated by org.testng.reporters.JUnitReportReporter -->
<testsuite hostname="mohanethras-MBP" failures="0" tests="1" name="pageobjects.NewTest" time="13.017" errors="0" timestamp="26 Apr 2025 10:56:46 GMT" skipped="0">
  <testcase classname="pageobjects.NewTest" name="correctLogin" time="13.017"/>
</testsuite> <!-- pageobjects.NewTest -->
